<!DOCTYPE html PUBLIC "-//W3C//DTD XHTML 1.1//EN" "http://www.w3.org/TR/xhtml11/DTD/xhtml11.dtd">
<html xmlns="http://www.w3.org/1999/xhtml"><head><title>TestNG Report</title><style type="text/css">table {margin-bottom:10px;border-collapse:collapse;empty-cells:show}th,td {border:1px solid #009;padding:.25em .5em}th {vertical-align:bottom}td {vertical-align:top}table a {font-weight:bold}.stripe td {background-color: #E6EBF9}.num {text-align:right}.passedodd td {background-color: #3F3}.passedeven td {background-color: #0A0}.skippedodd td {background-color: #DDD}.skippedeven td {background-color: #CCC}.failedodd td,.attn {background-color: #F33}.failedeven td,.stripe .attn {background-color: #D00}.stacktrace {white-space:pre;font-family:monospace}.totop {font-size:85%;text-align:center;border-bottom:2px solid #000}</style></head><body><table><tr><th>Test</th><th># Passed</th><th># Skipped</th><th># Failed</th><th>Time (ms)</th><th>Included Groups</th><th>Excluded Groups</th></tr><tr><th colspan="7">Default suite</th></tr><tr><td><a href="#t0">Default test</a></td><td class="num">13</td><td class="num attn">2</td><td class="num attn">2</td><td class="num">54,436</td><td></td><td></td></tr></table><table><thead><tr><th>Class</th><th>Method</th><th>Start</th><th>Time (ms)</th></tr></thead><tbody><tr><th colspan="4">Default suite</th></tr></tbody><tbody id="t0"><tr><th colspan="4">Default test &#8212; failed</th></tr><tr class="failedeven"><td rowspan="2">com.PageLibrary.com.Randford.TestExecution</td><td><a href="#m0">excelcontent</a></td><td rowspan="1">1528892353848</td><td rowspan="1">1935</td></tr><tr class="failedeven"><td><a href="#m1">verify_userCreation</a></td><td rowspan="1">1528892355797</td><td rowspan="1">3</td></tr><tr><th colspan="4">Default test &#8212; skipped</th></tr><tr class="skippedeven"><td rowspan="2">com.PageLibrary.com.Randford.TestExecution</td><td><a href="#m2">varify_rolecreation</a></td><td rowspan="1">1528892355793</td><td rowspan="1">0</td></tr><tr class="skippedeven"><td><a href="#m3">verify_rolesCreation</a></td><td rowspan="1">1528892355795</td><td rowspan="1">0</td></tr><tr><th colspan="4">Default test &#8212; passed</th></tr><tr class="passedeven"><td rowspan="13">com.PageLibrary.com.Randford.TestExecution</td><td><a href="#m4">validLaunch</a></td><td rowspan="1">1528892301393</td><td rowspan="1">26537</td></tr><tr class="passedeven"><td><a href="#m5">validLogin</a></td><td rowspan="1">1528892327932</td><td rowspan="1">4269</td></tr><tr class="passedeven"><td><a href="#m6">varify_branchCreation</a></td><td rowspan="11">1528892348468</td><td rowspan="11">1715</td></tr><tr class="passedeven"><td><a href="#m7">varify_branchCreation</a></td></tr><tr class="passedeven"><td><a href="#m8">varify_branchCreation</a></td></tr><tr class="passedeven"><td><a href="#m9">varify_branchCreation</a></td></tr><tr class="passedeven"><td><a href="#m10">varify_branchCreation</a></td></tr><tr class="passedeven"><td><a href="#m11">varify_branchCreation</a></td></tr><tr class="passedeven"><td><a href="#m12">varify_branchCreation</a></td></tr><tr class="passedeven"><td><a href="#m13">varify_branchCreation</a></td></tr><tr class="passedeven"><td><a href="#m14">varify_branchCreation</a></td></tr><tr class="passedeven"><td><a href="#m15">varify_branchCreation</a></td></tr><tr class="passedeven"><td><a href="#m16">varify_branchCreation</a></td></tr></tbody></table><h2>Default test</h2><h3 id="m0">com.PageLibrary.com.Randford.TestExecution#excelcontent</h3><table class="result"><tr><th>Exception</th></tr><tr><td><div class="stacktrace">org.openqa.selenium.NoAlertPresentException: No modal dialog is currently open
Build info: version: &apos;3.9.1&apos;, revision: &apos;63f7b50&apos;, time: &apos;2018-02-07T22:25:02.294Z&apos;
System info: host: &apos;RAJATSHANDILYA&apos;, ip: &apos;192.168.1.51&apos;, os.name: &apos;Windows 7&apos;, os.arch: &apos;x86&apos;, os.version: &apos;6.1&apos;, java.version: &apos;1.8.0_171&apos;
Driver info: org.openqa.selenium.firefox.FirefoxDriver
Capabilities {acceptInsecureCerts: true, browserName: firefox, browserVersion: 60.0.1, javascriptEnabled: true, moz:accessibilityChecks: false, moz:headless: false, moz:processID: 3940, moz:profile: C:\Users\Rajat Shandilya\Ap..., moz:useNonSpecCompliantPointerOrigin: false, moz:webdriverClick: true, pageLoadStrategy: normal, platform: XP, platformName: XP, platformVersion: 6.1, rotatable: false, timeouts: {implicit: 0, pageLoad: 300000, script: 30000}}
Session ID: 7e20bca6-7d06-4d63-a3b5-736fb76ea407
	at sun.reflect.NativeConstructorAccessorImpl.newInstance0(Native Method)
	at sun.reflect.NativeConstructorAccessorImpl.newInstance(Unknown Source)
	at sun.reflect.DelegatingConstructorAccessorImpl.newInstance(Unknown Source)
	at java.lang.reflect.Constructor.newInstance(Unknown Source)
	at org.openqa.selenium.remote.http.W3CHttpResponseCodec.createException(W3CHttpResponseCodec.java:187)
	at org.openqa.selenium.remote.http.W3CHttpResponseCodec.decode(W3CHttpResponseCodec.java:122)
	at org.openqa.selenium.remote.http.W3CHttpResponseCodec.decode(W3CHttpResponseCodec.java:49)
	at org.openqa.selenium.remote.HttpCommandExecutor.execute(HttpCommandExecutor.java:160)
	at org.openqa.selenium.remote.service.DriverCommandExecutor.execute(DriverCommandExecutor.java:83)
	at org.openqa.selenium.remote.RemoteWebDriver.execute(RemoteWebDriver.java:601)
	at org.openqa.selenium.remote.RemoteWebDriver.execute(RemoteWebDriver.java:658)
	at org.openqa.selenium.remote.RemoteWebDriver$RemoteTargetLocator.alert(RemoteWebDriver.java:987)
	at com.PageLibrary.com.Randford.Generic.alertHandle(Generic.java:32)
	at com.PageLibrary.com.Randford.TestExecution.excelcontent(TestExecution.java:71)
	at sun.reflect.NativeMethodAccessorImpl.invoke0(Native Method)
	at sun.reflect.NativeMethodAccessorImpl.invoke(Unknown Source)
	at sun.reflect.DelegatingMethodAccessorImpl.invoke(Unknown Source)
	at java.lang.reflect.Method.invoke(Unknown Source)
	at org.testng.internal.MethodInvocationHelper.invokeMethod(MethodInvocationHelper.java:85)
	at org.testng.internal.Invoker.invokeMethod(Invoker.java:639)
	at org.testng.internal.Invoker.invokeTestMethod(Invoker.java:816)
	at org.testng.internal.Invoker.invokeTestMethods(Invoker.java:1124)
	at org.testng.internal.TestMethodWorker.invokeTestMethods(TestMethodWorker.java:125)
	at org.testng.internal.TestMethodWorker.run(TestMethodWorker.java:108)
	at org.testng.TestRunner.privateRun(TestRunner.java:774)
	at org.testng.TestRunner.run(TestRunner.java:624)
	at org.testng.SuiteRunner.runTest(SuiteRunner.java:359)
	at org.testng.SuiteRunner.runSequentially(SuiteRunner.java:354)
	at org.testng.SuiteRunner.privateRun(SuiteRunner.java:312)
	at org.testng.SuiteRunner.run(SuiteRunner.java:261)
	at org.testng.SuiteRunnerWorker.runSuite(SuiteRunnerWorker.java:52)
	at org.testng.SuiteRunnerWorker.run(SuiteRunnerWorker.java:86)
	at org.testng.TestNG.runSuitesSequentially(TestNG.java:1215)
	at org.testng.TestNG.runSuitesLocally(TestNG.java:1140)
	at org.testng.TestNG.run(TestNG.java:1048)
	at org.testng.remote.AbstractRemoteTestNG.run(AbstractRemoteTestNG.java:114)
	at org.testng.remote.RemoteTestNG.initAndRun(RemoteTestNG.java:251)
	at org.testng.remote.RemoteTestNG.main(RemoteTestNG.java:77)
</div></td></tr></table><p class="totop"><a href="#summary">back to summary</a></p><h3 id="m1">com.PageLibrary.com.Randford.TestExecution#verify_userCreation</h3><table class="result"><tr><th>Exception</th></tr><tr><td><div class="stacktrace">org.testng.TestNGException: 
The data provider is trying to pass 9 parameters but the method com.PageLibrary.com.Randford.TestExecution#verify_userCreation takes 6
	at org.testng.internal.Invoker.injectParameters(Invoker.java:1225)
	at org.testng.internal.Invoker.invokeTestMethods(Invoker.java:1118)
	at org.testng.internal.TestMethodWorker.invokeTestMethods(TestMethodWorker.java:125)
	at org.testng.internal.TestMethodWorker.run(TestMethodWorker.java:108)
	at org.testng.TestRunner.privateRun(TestRunner.java:774)
	at org.testng.TestRunner.run(TestRunner.java:624)
	at org.testng.SuiteRunner.runTest(SuiteRunner.java:359)
	at org.testng.SuiteRunner.runSequentially(SuiteRunner.java:354)
	at org.testng.SuiteRunner.privateRun(SuiteRunner.java:312)
	at org.testng.SuiteRunner.run(SuiteRunner.java:261)
	at org.testng.SuiteRunnerWorker.runSuite(SuiteRunnerWorker.java:52)
	at org.testng.SuiteRunnerWorker.run(SuiteRunnerWorker.java:86)
	at org.testng.TestNG.runSuitesSequentially(TestNG.java:1215)
	at org.testng.TestNG.runSuitesLocally(TestNG.java:1140)
	at org.testng.TestNG.run(TestNG.java:1048)
	at org.testng.remote.AbstractRemoteTestNG.run(AbstractRemoteTestNG.java:114)
	at org.testng.remote.RemoteTestNG.initAndRun(RemoteTestNG.java:251)
	at org.testng.remote.RemoteTestNG.main(RemoteTestNG.java:77)
</div></td></tr></table><p class="totop"><a href="#summary">back to summary</a></p><h3 id="m2">com.PageLibrary.com.Randford.TestExecution#varify_rolecreation</h3><table class="result"><tr><th>Exception</th></tr><tr><td><div class="stacktrace">org.testng.TestNGException: 
Found two providers called &apos;roles&apos; on class com.PageLibrary.com.Randford.TestExecution
	at org.testng.internal.Parameters.findDataProvider(Parameters.java:334)
	at org.testng.internal.Parameters.findDataProvider(Parameters.java:259)
	at org.testng.internal.Parameters.handleParameters(Parameters.java:419)
	at org.testng.internal.Invoker.handleParameters(Invoker.java:1270)
	at org.testng.internal.Invoker.createParameters(Invoker.java:985)
	at org.testng.internal.Invoker.invokeTestMethods(Invoker.java:1075)
	at org.testng.internal.TestMethodWorker.invokeTestMethods(TestMethodWorker.java:125)
	at org.testng.internal.TestMethodWorker.run(TestMethodWorker.java:108)
	at org.testng.TestRunner.privateRun(TestRunner.java:774)
	at org.testng.TestRunner.run(TestRunner.java:624)
	at org.testng.SuiteRunner.runTest(SuiteRunner.java:359)
	at org.testng.SuiteRunner.runSequentially(SuiteRunner.java:354)
	at org.testng.SuiteRunner.privateRun(SuiteRunner.java:312)
	at org.testng.SuiteRunner.run(SuiteRunner.java:261)
	at org.testng.SuiteRunnerWorker.runSuite(SuiteRunnerWorker.java:52)
	at org.testng.SuiteRunnerWorker.run(SuiteRunnerWorker.java:86)
	at org.testng.TestNG.runSuitesSequentially(TestNG.java:1215)
	at org.testng.TestNG.runSuitesLocally(TestNG.java:1140)
	at org.testng.TestNG.run(TestNG.java:1048)
	at org.testng.remote.AbstractRemoteTestNG.run(AbstractRemoteTestNG.java:114)
	at org.testng.remote.RemoteTestNG.initAndRun(RemoteTestNG.java:251)
	at org.testng.remote.RemoteTestNG.main(RemoteTestNG.java:77)
</div></td></tr></table><p class="totop"><a href="#summary">back to summary</a></p><h3 id="m3">com.PageLibrary.com.Randford.TestExecution#verify_rolesCreation</h3><table class="result"><tr><th>Exception</th></tr><tr><td><div class="stacktrace">org.testng.TestNGException: 
Found two providers called &apos;roles&apos; on class com.PageLibrary.com.Randford.TestExecution
	at org.testng.internal.Parameters.findDataProvider(Parameters.java:334)
	at org.testng.internal.Parameters.findDataProvider(Parameters.java:259)
	at org.testng.internal.Parameters.handleParameters(Parameters.java:419)
	at org.testng.internal.Invoker.handleParameters(Invoker.java:1270)
	at org.testng.internal.Invoker.createParameters(Invoker.java:985)
	at org.testng.internal.Invoker.invokeTestMethods(Invoker.java:1075)
	at org.testng.internal.TestMethodWorker.invokeTestMethods(TestMethodWorker.java:125)
	at org.testng.internal.TestMethodWorker.run(TestMethodWorker.java:108)
	at org.testng.TestRunner.privateRun(TestRunner.java:774)
	at org.testng.TestRunner.run(TestRunner.java:624)
	at org.testng.SuiteRunner.runTest(SuiteRunner.java:359)
	at org.testng.SuiteRunner.runSequentially(SuiteRunner.java:354)
	at org.testng.SuiteRunner.privateRun(SuiteRunner.java:312)
	at org.testng.SuiteRunner.run(SuiteRunner.java:261)
	at org.testng.SuiteRunnerWorker.runSuite(SuiteRunnerWorker.java:52)
	at org.testng.SuiteRunnerWorker.run(SuiteRunnerWorker.java:86)
	at org.testng.TestNG.runSuitesSequentially(TestNG.java:1215)
	at org.testng.TestNG.runSuitesLocally(TestNG.java:1140)
	at org.testng.TestNG.run(TestNG.java:1048)
	at org.testng.remote.AbstractRemoteTestNG.run(AbstractRemoteTestNG.java:114)
	at org.testng.remote.RemoteTestNG.initAndRun(RemoteTestNG.java:251)
	at org.testng.remote.RemoteTestNG.main(RemoteTestNG.java:77)
</div></td></tr></table><p class="totop"><a href="#summary">back to summary</a></p><h3 id="m4">com.PageLibrary.com.Randford.TestExecution#validLaunch</h3><table class="result"></table><p class="totop"><a href="#summary">back to summary</a></p><h3 id="m5">com.PageLibrary.com.Randford.TestExecution#validLogin</h3><table class="result"></table><p class="totop"><a href="#summary">back to summary</a></p><h3 id="m6">com.PageLibrary.com.Randford.TestExecution#varify_branchCreation</h3><table class="result"><tr class="param"><th>Parameter #1</th><th>Parameter #2</th><th>Parameter #3</th><th>Parameter #4</th><th>Parameter #5</th><th>Parameter #6</th><th>Parameter #7</th><th>Parameter #8</th><th>Parameter #9</th></tr><tr class="param stripe"><td>IIIIIIII</td><td>IIIIIIII</td><td>IIIIIIII</td><td>IIIIIIII</td><td>IIIIIIII</td><td>99999</td><td>USA</td><td>NewYork</td><td>Rochestor</td></tr></table><p class="totop"><a href="#summary">back to summary</a></p><h3 id="m7">com.PageLibrary.com.Randford.TestExecution#varify_branchCreation</h3><table class="result"><tr class="param"><th>Parameter #1</th><th>Parameter #2</th><th>Parameter #3</th><th>Parameter #4</th><th>Parameter #5</th><th>Parameter #6</th><th>Parameter #7</th><th>Parameter #8</th><th>Parameter #9</th></tr><tr class="param stripe"><td>CCCCCCC</td><td>CCCCCCC</td><td>CCCCCCC</td><td>CCCCCCC</td><td>CCCCCCC</td><td>33333</td><td>USA</td><td>NewYork</td><td>Watertown</td></tr></table><p class="totop"><a href="#summary">back to summary</a></p><h3 id="m8">com.PageLibrary.com.Randford.TestExecution#varify_branchCreation</h3><table class="result"><tr class="param"><th>Parameter #1</th><th>Parameter #2</th><th>Parameter #3</th><th>Parameter #4</th><th>Parameter #5</th><th>Parameter #6</th><th>Parameter #7</th><th>Parameter #8</th><th>Parameter #9</th></tr><tr class="param stripe"><td>KKKKKK</td><td>KKKKKK</td><td>KKKKKK</td><td>KKKKKK</td><td>KKKKKK</td><td>12121</td><td>UK</td><td>England</td><td>oxford</td></tr></table><p class="totop"><a href="#summary">back to summary</a></p><h3 id="m9">com.PageLibrary.com.Randford.TestExecution#varify_branchCreation</h3><table class="result"><tr class="param"><th>Parameter #1</th><th>Parameter #2</th><th>Parameter #3</th><th>Parameter #4</th><th>Parameter #5</th><th>Parameter #6</th><th>Parameter #7</th><th>Parameter #8</th><th>Parameter #9</th></tr><tr class="param stripe"><td>FFFFFFF</td><td>FFFFFFF</td><td>FFFFFFF</td><td>FFFFFFF</td><td>FFFFFFF</td><td>66666</td><td>USA</td><td>Washington</td><td>Olympia</td></tr></table><p class="totop"><a href="#summary">back to summary</a></p><h3 id="m10">com.PageLibrary.com.Randford.TestExecution#varify_branchCreation</h3><table class="result"><tr class="param"><th>Parameter #1</th><th>Parameter #2</th><th>Parameter #3</th><th>Parameter #4</th><th>Parameter #5</th><th>Parameter #6</th><th>Parameter #7</th><th>Parameter #8</th><th>Parameter #9</th></tr><tr class="param stripe"><td>EEEEEEE</td><td>EEEEEEE</td><td>EEEEEEE</td><td>EEEEEEE</td><td>EEEEEEE</td><td>55555</td><td>UK</td><td>Scottland</td><td>GLASGOW</td></tr></table><p class="totop"><a href="#summary">back to summary</a></p><h3 id="m11">com.PageLibrary.com.Randford.TestExecution#varify_branchCreation</h3><table class="result"><tr class="param"><th>Parameter #1</th><th>Parameter #2</th><th>Parameter #3</th><th>Parameter #4</th><th>Parameter #5</th><th>Parameter #6</th><th>Parameter #7</th><th>Parameter #8</th><th>Parameter #9</th></tr><tr class="param stripe"><td>JJJJJJJ</td><td>JJJJJJJ</td><td>JJJJJJJ</td><td>JJJJJJJ</td><td>JJJJJJJ</td><td>10101</td><td>INDIA</td><td>GOA</td><td>GOA</td></tr></table><p class="totop"><a href="#summary">back to summary</a></p><h3 id="m12">com.PageLibrary.com.Randford.TestExecution#varify_branchCreation</h3><table class="result"><tr class="param"><th>Parameter #1</th><th>Parameter #2</th><th>Parameter #3</th><th>Parameter #4</th><th>Parameter #5</th><th>Parameter #6</th><th>Parameter #7</th><th>Parameter #8</th><th>Parameter #9</th></tr><tr class="param stripe"><td>GGGGGGG</td><td>GGGGGGG</td><td>GGGGGGG</td><td>GGGGGGG</td><td>GGGGGGG</td><td>77777</td><td>INDIA</td><td>Kerala</td><td>THIRUVANANTHAPURAM</td></tr></table><p class="totop"><a href="#summary">back to summary</a></p><h3 id="m13">com.PageLibrary.com.Randford.TestExecution#varify_branchCreation</h3><table class="result"><tr class="param"><th>Parameter #1</th><th>Parameter #2</th><th>Parameter #3</th><th>Parameter #4</th><th>Parameter #5</th><th>Parameter #6</th><th>Parameter #7</th><th>Parameter #8</th><th>Parameter #9</th></tr><tr class="param stripe"><td>BBBBBBB</td><td>BBBBBBB</td><td>BBBBBBB</td><td>BBBBBBB</td><td>BBBBBBB</td><td>22222</td><td>UK</td><td>England</td><td>LONDON</td></tr></table><p class="totop"><a href="#summary">back to summary</a></p><h3 id="m14">com.PageLibrary.com.Randford.TestExecution#varify_branchCreation</h3><table class="result"><tr class="param"><th>Parameter #1</th><th>Parameter #2</th><th>Parameter #3</th><th>Parameter #4</th><th>Parameter #5</th><th>Parameter #6</th><th>Parameter #7</th><th>Parameter #8</th><th>Parameter #9</th></tr><tr class="param stripe"><td>AAAAAAA</td><td>AAAAAAA</td><td>AAAAAAA</td><td>AAAAAAA</td><td>AAAAAAA</td><td>11111</td><td>INDIA</td><td>Delhi</td><td>Delhi</td></tr></table><p class="totop"><a href="#summary">back to summary</a></p><h3 id="m15">com.PageLibrary.com.Randford.TestExecution#varify_branchCreation</h3><table class="result"><tr class="param"><th>Parameter #1</th><th>Parameter #2</th><th>Parameter #3</th><th>Parameter #4</th><th>Parameter #5</th><th>Parameter #6</th><th>Parameter #7</th><th>Parameter #8</th><th>Parameter #9</th></tr><tr class="param stripe"><td>HHHHHHH</td><td>HHHHHHH</td><td>HHHHHHH</td><td>HHHHHHH</td><td>HHHHHHH</td><td>88888</td><td>UK</td><td>Yorkshire</td><td>Bradford</td></tr></table><p class="totop"><a href="#summary">back to summary</a></p><h3 id="m16">com.PageLibrary.com.Randford.TestExecution#varify_branchCreation</h3><table class="result"><tr class="param"><th>Parameter #1</th><th>Parameter #2</th><th>Parameter #3</th><th>Parameter #4</th><th>Parameter #5</th><th>Parameter #6</th><th>Parameter #7</th><th>Parameter #8</th><th>Parameter #9</th></tr><tr class="param stripe"><td>DDDDDDD</td><td>DDDDDDD</td><td>DDDDDDD</td><td>DDDDDDD</td><td>DDDDDDD</td><td>44444</td><td>INDIA</td><td>GOA</td><td>GOA</td></tr></table><p class="totop"><a href="#summary">back to summary</a></p></body></html>