<?xml version="1.0" encoding="UTF-8"?>
<testng-results skipped="2" failed="2" total="17" passed="13">
  <reporter-output>
  </reporter-output>
  <suite name="Default suite" duration-ms="54436" started-at="2018-06-13T12:18:21Z" finished-at="2018-06-13T12:19:15Z">
    <groups>
    </groups>
    <test name="Default test" duration-ms="54436" started-at="2018-06-13T12:18:21Z" finished-at="2018-06-13T12:19:15Z">
      <class name="com.PageLibrary.com.Randford.TestExecution">
        <test-method status="PASS" signature="validLaunch()[pri:0, instance:com.PageLibrary.com.Randford.TestExecution@1efef64]" name="validLaunch" duration-ms="26537" started-at="2018-06-13T17:48:21Z" finished-at="2018-06-13T17:48:47Z">
          <reporter-output>
          </reporter-output>
        </test-method> <!-- validLaunch -->
        <test-method status="PASS" signature="validLogin()[pri:1, instance:com.PageLibrary.com.Randford.TestExecution@1efef64]" name="validLogin" duration-ms="4269" started-at="2018-06-13T17:48:47Z" finished-at="2018-06-13T17:48:52Z">
          <reporter-output>
          </reporter-output>
        </test-method> <!-- validLogin -->
        <test-method status="PASS" signature="varify_branchCreation(java.lang.String, java.lang.String, java.lang.String, java.lang.String, java.lang.String, java.lang.String, java.lang.String, java.lang.String, java.lang.String)[pri:2, instance:com.PageLibrary.com.Randford.TestExecution@1efef64]" name="varify_branchCreation" duration-ms="2671" started-at="2018-06-13T17:48:52Z" data-provider="branches" finished-at="2018-06-13T17:48:55Z">
          <params>
            <param index="0">
              <value>
                <![CDATA[AAAAAAA]]>
              </value>
            </param>
            <param index="1">
              <value>
                <![CDATA[AAAAAAA]]>
              </value>
            </param>
            <param index="2">
              <value>
                <![CDATA[AAAAAAA]]>
              </value>
            </param>
            <param index="3">
              <value>
                <![CDATA[AAAAAAA]]>
              </value>
            </param>
            <param index="4">
              <value>
                <![CDATA[AAAAAAA]]>
              </value>
            </param>
            <param index="5">
              <value>
                <![CDATA[11111]]>
              </value>
            </param>
            <param index="6">
              <value>
                <![CDATA[INDIA]]>
              </value>
            </param>
            <param index="7">
              <value>
                <![CDATA[Delhi]]>
              </value>
            </param>
            <param index="8">
              <value>
                <![CDATA[Delhi]]>
              </value>
            </param>
          </params>
          <reporter-output>
          </reporter-output>
        </test-method> <!-- varify_branchCreation -->
        <test-method status="PASS" signature="varify_branchCreation(java.lang.String, java.lang.String, java.lang.String, java.lang.String, java.lang.String, java.lang.String, java.lang.String, java.lang.String, java.lang.String)[pri:2, instance:com.PageLibrary.com.Randford.TestExecution@1efef64]" name="varify_branchCreation" duration-ms="2126" started-at="2018-06-13T17:48:55Z" data-provider="branches" finished-at="2018-06-13T17:48:57Z">
          <params>
            <param index="0">
              <value>
                <![CDATA[BBBBBBB]]>
              </value>
            </param>
            <param index="1">
              <value>
                <![CDATA[BBBBBBB]]>
              </value>
            </param>
            <param index="2">
              <value>
                <![CDATA[BBBBBBB]]>
              </value>
            </param>
            <param index="3">
              <value>
                <![CDATA[BBBBBBB]]>
              </value>
            </param>
            <param index="4">
              <value>
                <![CDATA[BBBBBBB]]>
              </value>
            </param>
            <param index="5">
              <value>
                <![CDATA[22222]]>
              </value>
            </param>
            <param index="6">
              <value>
                <![CDATA[UK]]>
              </value>
            </param>
            <param index="7">
              <value>
                <![CDATA[England]]>
              </value>
            </param>
            <param index="8">
              <value>
                <![CDATA[LONDON]]>
              </value>
            </param>
          </params>
          <reporter-output>
          </reporter-output>
        </test-method> <!-- varify_branchCreation -->
        <test-method status="PASS" signature="varify_branchCreation(java.lang.String, java.lang.String, java.lang.String, java.lang.String, java.lang.String, java.lang.String, java.lang.String, java.lang.String, java.lang.String)[pri:2, instance:com.PageLibrary.com.Randford.TestExecution@1efef64]" name="varify_branchCreation" duration-ms="1807" started-at="2018-06-13T17:48:57Z" data-provider="branches" finished-at="2018-06-13T17:48:59Z">
          <params>
            <param index="0">
              <value>
                <![CDATA[CCCCCCC]]>
              </value>
            </param>
            <param index="1">
              <value>
                <![CDATA[CCCCCCC]]>
              </value>
            </param>
            <param index="2">
              <value>
                <![CDATA[CCCCCCC]]>
              </value>
            </param>
            <param index="3">
              <value>
                <![CDATA[CCCCCCC]]>
              </value>
            </param>
            <param index="4">
              <value>
                <![CDATA[CCCCCCC]]>
              </value>
            </param>
            <param index="5">
              <value>
                <![CDATA[33333]]>
              </value>
            </param>
            <param index="6">
              <value>
                <![CDATA[USA]]>
              </value>
            </param>
            <param index="7">
              <value>
                <![CDATA[NewYork]]>
              </value>
            </param>
            <param index="8">
              <value>
                <![CDATA[Watertown]]>
              </value>
            </param>
          </params>
          <reporter-output>
          </reporter-output>
        </test-method> <!-- varify_branchCreation -->
        <test-method status="PASS" signature="varify_branchCreation(java.lang.String, java.lang.String, java.lang.String, java.lang.String, java.lang.String, java.lang.String, java.lang.String, java.lang.String, java.lang.String)[pri:2, instance:com.PageLibrary.com.Randford.TestExecution@1efef64]" name="varify_branchCreation" duration-ms="1919" started-at="2018-06-13T17:48:59Z" data-provider="branches" finished-at="2018-06-13T17:49:00Z">
          <params>
            <param index="0">
              <value>
                <![CDATA[DDDDDDD]]>
              </value>
            </param>
            <param index="1">
              <value>
                <![CDATA[DDDDDDD]]>
              </value>
            </param>
            <param index="2">
              <value>
                <![CDATA[DDDDDDD]]>
              </value>
            </param>
            <param index="3">
              <value>
                <![CDATA[DDDDDDD]]>
              </value>
            </param>
            <param index="4">
              <value>
                <![CDATA[DDDDDDD]]>
              </value>
            </param>
            <param index="5">
              <value>
                <![CDATA[44444]]>
              </value>
            </param>
            <param index="6">
              <value>
                <![CDATA[INDIA]]>
              </value>
            </param>
            <param index="7">
              <value>
                <![CDATA[GOA]]>
              </value>
            </param>
            <param index="8">
              <value>
                <![CDATA[GOA]]>
              </value>
            </param>
          </params>
          <reporter-output>
          </reporter-output>
        </test-method> <!-- varify_branchCreation -->
        <test-method status="PASS" signature="varify_branchCreation(java.lang.String, java.lang.String, java.lang.String, java.lang.String, java.lang.String, java.lang.String, java.lang.String, java.lang.String, java.lang.String)[pri:2, instance:com.PageLibrary.com.Randford.TestExecution@1efef64]" name="varify_branchCreation" duration-ms="1948" started-at="2018-06-13T17:49:01Z" data-provider="branches" finished-at="2018-06-13T17:49:02Z">
          <params>
            <param index="0">
              <value>
                <![CDATA[EEEEEEE]]>
              </value>
            </param>
            <param index="1">
              <value>
                <![CDATA[EEEEEEE]]>
              </value>
            </param>
            <param index="2">
              <value>
                <![CDATA[EEEEEEE]]>
              </value>
            </param>
            <param index="3">
              <value>
                <![CDATA[EEEEEEE]]>
              </value>
            </param>
            <param index="4">
              <value>
                <![CDATA[EEEEEEE]]>
              </value>
            </param>
            <param index="5">
              <value>
                <![CDATA[55555]]>
              </value>
            </param>
            <param index="6">
              <value>
                <![CDATA[UK]]>
              </value>
            </param>
            <param index="7">
              <value>
                <![CDATA[Scottland]]>
              </value>
            </param>
            <param index="8">
              <value>
                <![CDATA[GLASGOW]]>
              </value>
            </param>
          </params>
          <reporter-output>
          </reporter-output>
        </test-method> <!-- varify_branchCreation -->
        <test-method status="PASS" signature="varify_branchCreation(java.lang.String, java.lang.String, java.lang.String, java.lang.String, java.lang.String, java.lang.String, java.lang.String, java.lang.String, java.lang.String)[pri:2, instance:com.PageLibrary.com.Randford.TestExecution@1efef64]" name="varify_branchCreation" duration-ms="2022" started-at="2018-06-13T17:49:02Z" data-provider="branches" finished-at="2018-06-13T17:49:04Z">
          <params>
            <param index="0">
              <value>
                <![CDATA[FFFFFFF]]>
              </value>
            </param>
            <param index="1">
              <value>
                <![CDATA[FFFFFFF]]>
              </value>
            </param>
            <param index="2">
              <value>
                <![CDATA[FFFFFFF]]>
              </value>
            </param>
            <param index="3">
              <value>
                <![CDATA[FFFFFFF]]>
              </value>
            </param>
            <param index="4">
              <value>
                <![CDATA[FFFFFFF]]>
              </value>
            </param>
            <param index="5">
              <value>
                <![CDATA[66666]]>
              </value>
            </param>
            <param index="6">
              <value>
                <![CDATA[USA]]>
              </value>
            </param>
            <param index="7">
              <value>
                <![CDATA[Washington]]>
              </value>
            </param>
            <param index="8">
              <value>
                <![CDATA[Olympia]]>
              </value>
            </param>
          </params>
          <reporter-output>
          </reporter-output>
        </test-method> <!-- varify_branchCreation -->
        <test-method status="PASS" signature="varify_branchCreation(java.lang.String, java.lang.String, java.lang.String, java.lang.String, java.lang.String, java.lang.String, java.lang.String, java.lang.String, java.lang.String)[pri:2, instance:com.PageLibrary.com.Randford.TestExecution@1efef64]" name="varify_branchCreation" duration-ms="1709" started-at="2018-06-13T17:49:04Z" data-provider="branches" finished-at="2018-06-13T17:49:06Z">
          <params>
            <param index="0">
              <value>
                <![CDATA[GGGGGGG]]>
              </value>
            </param>
            <param index="1">
              <value>
                <![CDATA[GGGGGGG]]>
              </value>
            </param>
            <param index="2">
              <value>
                <![CDATA[GGGGGGG]]>
              </value>
            </param>
            <param index="3">
              <value>
                <![CDATA[GGGGGGG]]>
              </value>
            </param>
            <param index="4">
              <value>
                <![CDATA[GGGGGGG]]>
              </value>
            </param>
            <param index="5">
              <value>
                <![CDATA[77777]]>
              </value>
            </param>
            <param index="6">
              <value>
                <![CDATA[INDIA]]>
              </value>
            </param>
            <param index="7">
              <value>
                <![CDATA[Kerala]]>
              </value>
            </param>
            <param index="8">
              <value>
                <![CDATA[THIRUVANANTHAPURAM]]>
              </value>
            </param>
          </params>
          <reporter-output>
          </reporter-output>
        </test-method> <!-- varify_branchCreation -->
        <test-method status="PASS" signature="varify_branchCreation(java.lang.String, java.lang.String, java.lang.String, java.lang.String, java.lang.String, java.lang.String, java.lang.String, java.lang.String, java.lang.String)[pri:2, instance:com.PageLibrary.com.Randford.TestExecution@1efef64]" name="varify_branchCreation" duration-ms="1777" started-at="2018-06-13T17:49:06Z" data-provider="branches" finished-at="2018-06-13T17:49:08Z">
          <params>
            <param index="0">
              <value>
                <![CDATA[HHHHHHH]]>
              </value>
            </param>
            <param index="1">
              <value>
                <![CDATA[HHHHHHH]]>
              </value>
            </param>
            <param index="2">
              <value>
                <![CDATA[HHHHHHH]]>
              </value>
            </param>
            <param index="3">
              <value>
                <![CDATA[HHHHHHH]]>
              </value>
            </param>
            <param index="4">
              <value>
                <![CDATA[HHHHHHH]]>
              </value>
            </param>
            <param index="5">
              <value>
                <![CDATA[88888]]>
              </value>
            </param>
            <param index="6">
              <value>
                <![CDATA[UK]]>
              </value>
            </param>
            <param index="7">
              <value>
                <![CDATA[Yorkshire]]>
              </value>
            </param>
            <param index="8">
              <value>
                <![CDATA[Bradford]]>
              </value>
            </param>
          </params>
          <reporter-output>
          </reporter-output>
        </test-method> <!-- varify_branchCreation -->
        <test-method status="PASS" signature="varify_branchCreation(java.lang.String, java.lang.String, java.lang.String, java.lang.String, java.lang.String, java.lang.String, java.lang.String, java.lang.String, java.lang.String)[pri:2, instance:com.PageLibrary.com.Randford.TestExecution@1efef64]" name="varify_branchCreation" duration-ms="1715" started-at="2018-06-13T17:49:08Z" data-provider="branches" finished-at="2018-06-13T17:49:10Z">
          <params>
            <param index="0">
              <value>
                <![CDATA[IIIIIIII]]>
              </value>
            </param>
            <param index="1">
              <value>
                <![CDATA[IIIIIIII]]>
              </value>
            </param>
            <param index="2">
              <value>
                <![CDATA[IIIIIIII]]>
              </value>
            </param>
            <param index="3">
              <value>
                <![CDATA[IIIIIIII]]>
              </value>
            </param>
            <param index="4">
              <value>
                <![CDATA[IIIIIIII]]>
              </value>
            </param>
            <param index="5">
              <value>
                <![CDATA[99999]]>
              </value>
            </param>
            <param index="6">
              <value>
                <![CDATA[USA]]>
              </value>
            </param>
            <param index="7">
              <value>
                <![CDATA[NewYork]]>
              </value>
            </param>
            <param index="8">
              <value>
                <![CDATA[Rochestor]]>
              </value>
            </param>
          </params>
          <reporter-output>
          </reporter-output>
        </test-method> <!-- varify_branchCreation -->
        <test-method status="PASS" signature="varify_branchCreation(java.lang.String, java.lang.String, java.lang.String, java.lang.String, java.lang.String, java.lang.String, java.lang.String, java.lang.String, java.lang.String)[pri:2, instance:com.PageLibrary.com.Randford.TestExecution@1efef64]" name="varify_branchCreation" duration-ms="1986" started-at="2018-06-13T17:49:10Z" data-provider="branches" finished-at="2018-06-13T17:49:12Z">
          <params>
            <param index="0">
              <value>
                <![CDATA[JJJJJJJ]]>
              </value>
            </param>
            <param index="1">
              <value>
                <![CDATA[JJJJJJJ]]>
              </value>
            </param>
            <param index="2">
              <value>
                <![CDATA[JJJJJJJ]]>
              </value>
            </param>
            <param index="3">
              <value>
                <![CDATA[JJJJJJJ]]>
              </value>
            </param>
            <param index="4">
              <value>
                <![CDATA[JJJJJJJ]]>
              </value>
            </param>
            <param index="5">
              <value>
                <![CDATA[10101]]>
              </value>
            </param>
            <param index="6">
              <value>
                <![CDATA[INDIA]]>
              </value>
            </param>
            <param index="7">
              <value>
                <![CDATA[GOA]]>
              </value>
            </param>
            <param index="8">
              <value>
                <![CDATA[GOA]]>
              </value>
            </param>
          </params>
          <reporter-output>
          </reporter-output>
        </test-method> <!-- varify_branchCreation -->
        <test-method status="PASS" signature="varify_branchCreation(java.lang.String, java.lang.String, java.lang.String, java.lang.String, java.lang.String, java.lang.String, java.lang.String, java.lang.String, java.lang.String)[pri:2, instance:com.PageLibrary.com.Randford.TestExecution@1efef64]" name="varify_branchCreation" duration-ms="1669" started-at="2018-06-13T17:49:12Z" data-provider="branches" finished-at="2018-06-13T17:49:13Z">
          <params>
            <param index="0">
              <value>
                <![CDATA[KKKKKK]]>
              </value>
            </param>
            <param index="1">
              <value>
                <![CDATA[KKKKKK]]>
              </value>
            </param>
            <param index="2">
              <value>
                <![CDATA[KKKKKK]]>
              </value>
            </param>
            <param index="3">
              <value>
                <![CDATA[KKKKKK]]>
              </value>
            </param>
            <param index="4">
              <value>
                <![CDATA[KKKKKK]]>
              </value>
            </param>
            <param index="5">
              <value>
                <![CDATA[12121]]>
              </value>
            </param>
            <param index="6">
              <value>
                <![CDATA[UK]]>
              </value>
            </param>
            <param index="7">
              <value>
                <![CDATA[England]]>
              </value>
            </param>
            <param index="8">
              <value>
                <![CDATA[oxford]]>
              </value>
            </param>
          </params>
          <reporter-output>
          </reporter-output>
        </test-method> <!-- varify_branchCreation -->
        <test-method status="FAIL" signature="excelcontent()[pri:3, instance:com.PageLibrary.com.Randford.TestExecution@1efef64]" name="excelcontent" duration-ms="1935" started-at="2018-06-13T17:49:13Z" finished-at="2018-06-13T17:49:15Z">
          <exception class="org.openqa.selenium.NoAlertPresentException">
            <message>
              <![CDATA[No modal dialog is currently open
Build info: version: '3.9.1', revision: '63f7b50', time: '2018-02-07T22:25:02.294Z'
System info: host: 'RAJATSHANDILYA', ip: '192.168.1.51', os.name: 'Windows 7', os.arch: 'x86', os.version: '6.1', java.version: '1.8.0_171'
Driver info: org.openqa.selenium.firefox.FirefoxDriver
Capabilities {acceptInsecureCerts: true, browserName: firefox, browserVersion: 60.0.1, javascriptEnabled: true, moz:accessibilityChecks: false, moz:headless: false, moz:processID: 3940, moz:profile: C:\Users\Rajat Shandilya\Ap..., moz:useNonSpecCompliantPointerOrigin: false, moz:webdriverClick: true, pageLoadStrategy: normal, platform: XP, platformName: XP, platformVersion: 6.1, rotatable: false, timeouts: {implicit: 0, pageLoad: 300000, script: 30000}}
Session ID: 7e20bca6-7d06-4d63-a3b5-736fb76ea407]]>
            </message>
            <full-stacktrace>
              <![CDATA[org.openqa.selenium.NoAlertPresentException: No modal dialog is currently open
Build info: version: '3.9.1', revision: '63f7b50', time: '2018-02-07T22:25:02.294Z'
System info: host: 'RAJATSHANDILYA', ip: '192.168.1.51', os.name: 'Windows 7', os.arch: 'x86', os.version: '6.1', java.version: '1.8.0_171'
Driver info: org.openqa.selenium.firefox.FirefoxDriver
Capabilities {acceptInsecureCerts: true, browserName: firefox, browserVersion: 60.0.1, javascriptEnabled: true, moz:accessibilityChecks: false, moz:headless: false, moz:processID: 3940, moz:profile: C:\Users\Rajat Shandilya\Ap..., moz:useNonSpecCompliantPointerOrigin: false, moz:webdriverClick: true, pageLoadStrategy: normal, platform: XP, platformName: XP, platformVersion: 6.1, rotatable: false, timeouts: {implicit: 0, pageLoad: 300000, script: 30000}}
Session ID: 7e20bca6-7d06-4d63-a3b5-736fb76ea407
	at sun.reflect.NativeConstructorAccessorImpl.newInstance0(Native Method)
	at sun.reflect.NativeConstructorAccessorImpl.newInstance(Unknown Source)
	at sun.reflect.DelegatingConstructorAccessorImpl.newInstance(Unknown Source)
	at java.lang.reflect.Constructor.newInstance(Unknown Source)
	at org.openqa.selenium.remote.http.W3CHttpResponseCodec.createException(W3CHttpResponseCodec.java:187)
	at org.openqa.selenium.remote.http.W3CHttpResponseCodec.decode(W3CHttpResponseCodec.java:122)
	at org.openqa.selenium.remote.http.W3CHttpResponseCodec.decode(W3CHttpResponseCodec.java:49)
	at org.openqa.selenium.remote.HttpCommandExecutor.execute(HttpCommandExecutor.java:160)
	at org.openqa.selenium.remote.service.DriverCommandExecutor.execute(DriverCommandExecutor.java:83)
	at org.openqa.selenium.remote.RemoteWebDriver.execute(RemoteWebDriver.java:601)
	at org.openqa.selenium.remote.RemoteWebDriver.execute(RemoteWebDriver.java:658)
	at org.openqa.selenium.remote.RemoteWebDriver$RemoteTargetLocator.alert(RemoteWebDriver.java:987)
	at com.PageLibrary.com.Randford.Generic.alertHandle(Generic.java:32)
	at com.PageLibrary.com.Randford.TestExecution.excelcontent(TestExecution.java:71)
	at sun.reflect.NativeMethodAccessorImpl.invoke0(Native Method)
	at sun.reflect.NativeMethodAccessorImpl.invoke(Unknown Source)
	at sun.reflect.DelegatingMethodAccessorImpl.invoke(Unknown Source)
	at java.lang.reflect.Method.invoke(Unknown Source)
	at org.testng.internal.MethodInvocationHelper.invokeMethod(MethodInvocationHelper.java:85)
	at org.testng.internal.Invoker.invokeMethod(Invoker.java:639)
	at org.testng.internal.Invoker.invokeTestMethod(Invoker.java:816)
	at org.testng.internal.Invoker.invokeTestMethods(Invoker.java:1124)
	at org.testng.internal.TestMethodWorker.invokeTestMethods(TestMethodWorker.java:125)
	at org.testng.internal.TestMethodWorker.run(TestMethodWorker.java:108)
	at org.testng.TestRunner.privateRun(TestRunner.java:774)
	at org.testng.TestRunner.run(TestRunner.java:624)
	at org.testng.SuiteRunner.runTest(SuiteRunner.java:359)
	at org.testng.SuiteRunner.runSequentially(SuiteRunner.java:354)
	at org.testng.SuiteRunner.privateRun(SuiteRunner.java:312)
	at org.testng.SuiteRunner.run(SuiteRunner.java:261)
	at org.testng.SuiteRunnerWorker.runSuite(SuiteRunnerWorker.java:52)
	at org.testng.SuiteRunnerWorker.run(SuiteRunnerWorker.java:86)
	at org.testng.TestNG.runSuitesSequentially(TestNG.java:1215)
	at org.testng.TestNG.runSuitesLocally(TestNG.java:1140)
	at org.testng.TestNG.run(TestNG.java:1048)
	at org.testng.remote.AbstractRemoteTestNG.run(AbstractRemoteTestNG.java:114)
	at org.testng.remote.RemoteTestNG.initAndRun(RemoteTestNG.java:251)
	at org.testng.remote.RemoteTestNG.main(RemoteTestNG.java:77)
]]>
            </full-stacktrace>
          </exception> <!-- org.openqa.selenium.NoAlertPresentException -->
          <reporter-output>
          </reporter-output>
        </test-method> <!-- excelcontent -->
        <test-method status="SKIP" signature="varify_rolecreation(java.lang.String, java.lang.String, java.lang.String)[pri:4, instance:com.PageLibrary.com.Randford.TestExecution@1efef64]" name="varify_rolecreation" duration-ms="0" started-at="2018-06-13T17:49:15Z" data-provider="roles" finished-at="2018-06-13T17:49:15Z">
          <exception class="org.testng.TestNGException">
            <message>
              <![CDATA[
Found two providers called 'roles' on class com.PageLibrary.com.Randford.TestExecution]]>
            </message>
            <full-stacktrace>
              <![CDATA[org.testng.TestNGException: 
Found two providers called 'roles' on class com.PageLibrary.com.Randford.TestExecution
	at org.testng.internal.Parameters.findDataProvider(Parameters.java:334)
	at org.testng.internal.Parameters.findDataProvider(Parameters.java:259)
	at org.testng.internal.Parameters.handleParameters(Parameters.java:419)
	at org.testng.internal.Invoker.handleParameters(Invoker.java:1270)
	at org.testng.internal.Invoker.createParameters(Invoker.java:985)
	at org.testng.internal.Invoker.invokeTestMethods(Invoker.java:1075)
	at org.testng.internal.TestMethodWorker.invokeTestMethods(TestMethodWorker.java:125)
	at org.testng.internal.TestMethodWorker.run(TestMethodWorker.java:108)
	at org.testng.TestRunner.privateRun(TestRunner.java:774)
	at org.testng.TestRunner.run(TestRunner.java:624)
	at org.testng.SuiteRunner.runTest(SuiteRunner.java:359)
	at org.testng.SuiteRunner.runSequentially(SuiteRunner.java:354)
	at org.testng.SuiteRunner.privateRun(SuiteRunner.java:312)
	at org.testng.SuiteRunner.run(SuiteRunner.java:261)
	at org.testng.SuiteRunnerWorker.runSuite(SuiteRunnerWorker.java:52)
	at org.testng.SuiteRunnerWorker.run(SuiteRunnerWorker.java:86)
	at org.testng.TestNG.runSuitesSequentially(TestNG.java:1215)
	at org.testng.TestNG.runSuitesLocally(TestNG.java:1140)
	at org.testng.TestNG.run(TestNG.java:1048)
	at org.testng.remote.AbstractRemoteTestNG.run(AbstractRemoteTestNG.java:114)
	at org.testng.remote.RemoteTestNG.initAndRun(RemoteTestNG.java:251)
	at org.testng.remote.RemoteTestNG.main(RemoteTestNG.java:77)
]]>
            </full-stacktrace>
          </exception> <!-- org.testng.TestNGException -->
          <reporter-output>
          </reporter-output>
        </test-method> <!-- varify_rolecreation -->
        <test-method status="SKIP" signature="verify_rolesCreation(java.lang.String, java.lang.String, java.lang.String)[pri:4, instance:com.PageLibrary.com.Randford.TestExecution@1efef64]" name="verify_rolesCreation" duration-ms="0" started-at="2018-06-13T17:49:15Z" data-provider="roles" finished-at="2018-06-13T17:49:15Z">
          <exception class="org.testng.TestNGException">
            <message>
              <![CDATA[
Found two providers called 'roles' on class com.PageLibrary.com.Randford.TestExecution]]>
            </message>
            <full-stacktrace>
              <![CDATA[org.testng.TestNGException: 
Found two providers called 'roles' on class com.PageLibrary.com.Randford.TestExecution
	at org.testng.internal.Parameters.findDataProvider(Parameters.java:334)
	at org.testng.internal.Parameters.findDataProvider(Parameters.java:259)
	at org.testng.internal.Parameters.handleParameters(Parameters.java:419)
	at org.testng.internal.Invoker.handleParameters(Invoker.java:1270)
	at org.testng.internal.Invoker.createParameters(Invoker.java:985)
	at org.testng.internal.Invoker.invokeTestMethods(Invoker.java:1075)
	at org.testng.internal.TestMethodWorker.invokeTestMethods(TestMethodWorker.java:125)
	at org.testng.internal.TestMethodWorker.run(TestMethodWorker.java:108)
	at org.testng.TestRunner.privateRun(TestRunner.java:774)
	at org.testng.TestRunner.run(TestRunner.java:624)
	at org.testng.SuiteRunner.runTest(SuiteRunner.java:359)
	at org.testng.SuiteRunner.runSequentially(SuiteRunner.java:354)
	at org.testng.SuiteRunner.privateRun(SuiteRunner.java:312)
	at org.testng.SuiteRunner.run(SuiteRunner.java:261)
	at org.testng.SuiteRunnerWorker.runSuite(SuiteRunnerWorker.java:52)
	at org.testng.SuiteRunnerWorker.run(SuiteRunnerWorker.java:86)
	at org.testng.TestNG.runSuitesSequentially(TestNG.java:1215)
	at org.testng.TestNG.runSuitesLocally(TestNG.java:1140)
	at org.testng.TestNG.run(TestNG.java:1048)
	at org.testng.remote.AbstractRemoteTestNG.run(AbstractRemoteTestNG.java:114)
	at org.testng.remote.RemoteTestNG.initAndRun(RemoteTestNG.java:251)
	at org.testng.remote.RemoteTestNG.main(RemoteTestNG.java:77)
]]>
            </full-stacktrace>
          </exception> <!-- org.testng.TestNGException -->
          <reporter-output>
          </reporter-output>
        </test-method> <!-- verify_rolesCreation -->
        <test-method status="FAIL" signature="verify_userCreation(java.lang.String, java.lang.String, java.lang.String, java.lang.String, java.lang.String, java.lang.String)[pri:5, instance:com.PageLibrary.com.Randford.TestExecution@1efef64]" name="verify_userCreation" duration-ms="3" started-at="2018-06-13T17:49:15Z" data-provider="user" finished-at="2018-06-13T17:49:15Z">
          <exception class="org.testng.TestNGException">
            <message>
              <![CDATA[
The data provider is trying to pass 9 parameters but the method com.PageLibrary.com.Randford.TestExecution#verify_userCreation takes 6]]>
            </message>
            <full-stacktrace>
              <![CDATA[org.testng.TestNGException: 
The data provider is trying to pass 9 parameters but the method com.PageLibrary.com.Randford.TestExecution#verify_userCreation takes 6
	at org.testng.internal.Invoker.injectParameters(Invoker.java:1225)
	at org.testng.internal.Invoker.invokeTestMethods(Invoker.java:1118)
	at org.testng.internal.TestMethodWorker.invokeTestMethods(TestMethodWorker.java:125)
	at org.testng.internal.TestMethodWorker.run(TestMethodWorker.java:108)
	at org.testng.TestRunner.privateRun(TestRunner.java:774)
	at org.testng.TestRunner.run(TestRunner.java:624)
	at org.testng.SuiteRunner.runTest(SuiteRunner.java:359)
	at org.testng.SuiteRunner.runSequentially(SuiteRunner.java:354)
	at org.testng.SuiteRunner.privateRun(SuiteRunner.java:312)
	at org.testng.SuiteRunner.run(SuiteRunner.java:261)
	at org.testng.SuiteRunnerWorker.runSuite(SuiteRunnerWorker.java:52)
	at org.testng.SuiteRunnerWorker.run(SuiteRunnerWorker.java:86)
	at org.testng.TestNG.runSuitesSequentially(TestNG.java:1215)
	at org.testng.TestNG.runSuitesLocally(TestNG.java:1140)
	at org.testng.TestNG.run(TestNG.java:1048)
	at org.testng.remote.AbstractRemoteTestNG.run(AbstractRemoteTestNG.java:114)
	at org.testng.remote.RemoteTestNG.initAndRun(RemoteTestNG.java:251)
	at org.testng.remote.RemoteTestNG.main(RemoteTestNG.java:77)
]]>
            </full-stacktrace>
          </exception> <!-- org.testng.TestNGException -->
          <reporter-output>
          </reporter-output>
        </test-method> <!-- verify_userCreation -->
      </class> <!-- com.PageLibrary.com.Randford.TestExecution -->
    </test> <!-- Default test -->
  </suite> <!-- Default suite -->
</testng-results>
