<?xml version="1.0" encoding="UTF-8"?>
<!-- Generated by org.testng.reporters.JUnitXMLReporter -->
<testsuite hostname="RajatShandilya" name="Default test" tests="17" failures="2" timestamp="13 Jun 2018 12:19:15 GMT" time="54.436" errors="0">
  <testcase name="validLaunch" time="26.537" classname="com.PageLibrary.com.Randford.TestExecution"/>
  <testcase name="validLogin" time="4.269" classname="com.PageLibrary.com.Randford.TestExecution"/>
  <testcase name="varify_branchCreation" time="2.671" classname="com.PageLibrary.com.Randford.TestExecution"/>
  <testcase name="varify_branchCreation" time="2.126" classname="com.PageLibrary.com.Randford.TestExecution"/>
  <testcase name="varify_branchCreation" time="1.807" classname="com.PageLibrary.com.Randford.TestExecution"/>
  <testcase name="varify_branchCreation" time="1.919" classname="com.PageLibrary.com.Randford.TestExecution"/>
  <testcase name="varify_branchCreation" time="1.948" classname="com.PageLibrary.com.Randford.TestExecution"/>
  <testcase name="varify_branchCreation" time="2.022" classname="com.PageLibrary.com.Randford.TestExecution"/>
  <testcase name="varify_branchCreation" time="1.709" classname="com.PageLibrary.com.Randford.TestExecution"/>
  <testcase name="varify_branchCreation" time="1.777" classname="com.PageLibrary.com.Randford.TestExecution"/>
  <testcase name="varify_branchCreation" time="1.715" classname="com.PageLibrary.com.Randford.TestExecution"/>
  <testcase name="varify_branchCreation" time="1.986" classname="com.PageLibrary.com.Randford.TestExecution"/>
  <testcase name="varify_branchCreation" time="1.669" classname="com.PageLibrary.com.Randford.TestExecution"/>
  <testcase name="excelcontent" time="1.935" classname="com.PageLibrary.com.Randford.TestExecution">
    <failure type="org.openqa.selenium.NoAlertPresentException" message="No modal dialog is currently open
Build info: version: &amp;apos;3.9.1&amp;apos;, revision: &amp;apos;63f7b50&amp;apos;, time: &amp;apos;2018-02-07T22:25:02.294Z&amp;apos;
System info: host: &amp;apos;RAJATSHANDILYA&amp;apos;, ip: &amp;apos;192.168.1.51&amp;apos;, os.name: &amp;apos;Windows 7&amp;apos;, os.arch: &amp;apos;x86&amp;apos;, os.version: &amp;apos;6.1&amp;apos;, java.version: &amp;apos;1.8.0_171&amp;apos;
Driver info: org.openqa.selenium.firefox.FirefoxDriver
Capabilities {acceptInsecureCerts: true, browserName: firefox, browserVersion: 60.0.1, javascriptEnabled: true, moz:accessibilityChecks: false, moz:headless: false, moz:processID: 3940, moz:profile: C:\Users\Rajat Shandilya\Ap..., moz:useNonSpecCompliantPointerOrigin: false, moz:webdriverClick: true, pageLoadStrategy: normal, platform: XP, platformName: XP, platformVersion: 6.1, rotatable: false, timeouts: {implicit: 0, pageLoad: 300000, script: 30000}}
Session ID: 7e20bca6-7d06-4d63-a3b5-736fb76ea407">
      <![CDATA[org.openqa.selenium.NoAlertPresentException: No modal dialog is currently open
Build info: version: '3.9.1', revision: '63f7b50', time: '2018-02-07T22:25:02.294Z'
System info: host: 'RAJATSHANDILYA', ip: '192.168.1.51', os.name: 'Windows 7', os.arch: 'x86', os.version: '6.1', java.version: '1.8.0_171'
Driver info: org.openqa.selenium.firefox.FirefoxDriver
Capabilities {acceptInsecureCerts: true, browserName: firefox, browserVersion: 60.0.1, javascriptEnabled: true, moz:accessibilityChecks: false, moz:headless: false, moz:processID: 3940, moz:profile: C:\Users\Rajat Shandilya\Ap..., moz:useNonSpecCompliantPointerOrigin: false, moz:webdriverClick: true, pageLoadStrategy: normal, platform: XP, platformName: XP, platformVersion: 6.1, rotatable: false, timeouts: {implicit: 0, pageLoad: 300000, script: 30000}}
Session ID: 7e20bca6-7d06-4d63-a3b5-736fb76ea407
	at sun.reflect.NativeConstructorAccessorImpl.newInstance0(Native Method)
	at sun.reflect.NativeConstructorAccessorImpl.newInstance(Unknown Source)
	at sun.reflect.DelegatingConstructorAccessorImpl.newInstance(Unknown Source)
	at java.lang.reflect.Constructor.newInstance(Unknown Source)
	at org.openqa.selenium.remote.http.W3CHttpResponseCodec.createException(W3CHttpResponseCodec.java:187)
	at org.openqa.selenium.remote.http.W3CHttpResponseCodec.decode(W3CHttpResponseCodec.java:122)
	at org.openqa.selenium.remote.http.W3CHttpResponseCodec.decode(W3CHttpResponseCodec.java:49)
	at org.openqa.selenium.remote.HttpCommandExecutor.execute(HttpCommandExecutor.java:160)
	at org.openqa.selenium.remote.service.DriverCommandExecutor.execute(DriverCommandExecutor.java:83)
	at org.openqa.selenium.remote.RemoteWebDriver.execute(RemoteWebDriver.java:601)
	at org.openqa.selenium.remote.RemoteWebDriver.execute(RemoteWebDriver.java:658)
	at org.openqa.selenium.remote.RemoteWebDriver$RemoteTargetLocator.alert(RemoteWebDriver.java:987)
	at com.PageLibrary.com.Randford.Generic.alertHandle(Generic.java:32)
	at com.PageLibrary.com.Randford.TestExecution.excelcontent(TestExecution.java:71)
	at sun.reflect.NativeMethodAccessorImpl.invoke0(Native Method)
	at sun.reflect.NativeMethodAccessorImpl.invoke(Unknown Source)
	at sun.reflect.DelegatingMethodAccessorImpl.invoke(Unknown Source)
	at java.lang.reflect.Method.invoke(Unknown Source)
	at org.testng.internal.MethodInvocationHelper.invokeMethod(MethodInvocationHelper.java:85)
	at org.testng.internal.Invoker.invokeMethod(Invoker.java:639)
	at org.testng.internal.Invoker.invokeTestMethod(Invoker.java:816)
	at org.testng.internal.Invoker.invokeTestMethods(Invoker.java:1124)
	at org.testng.internal.TestMethodWorker.invokeTestMethods(TestMethodWorker.java:125)
	at org.testng.internal.TestMethodWorker.run(TestMethodWorker.java:108)
	at org.testng.TestRunner.privateRun(TestRunner.java:774)
	at org.testng.TestRunner.run(TestRunner.java:624)
	at org.testng.SuiteRunner.runTest(SuiteRunner.java:359)
	at org.testng.SuiteRunner.runSequentially(SuiteRunner.java:354)
	at org.testng.SuiteRunner.privateRun(SuiteRunner.java:312)
	at org.testng.SuiteRunner.run(SuiteRunner.java:261)
	at org.testng.SuiteRunnerWorker.runSuite(SuiteRunnerWorker.java:52)
	at org.testng.SuiteRunnerWorker.run(SuiteRunnerWorker.java:86)
	at org.testng.TestNG.runSuitesSequentially(TestNG.java:1215)
	at org.testng.TestNG.runSuitesLocally(TestNG.java:1140)
	at org.testng.TestNG.run(TestNG.java:1048)
	at org.testng.remote.AbstractRemoteTestNG.run(AbstractRemoteTestNG.java:114)
	at org.testng.remote.RemoteTestNG.initAndRun(RemoteTestNG.java:251)
	at org.testng.remote.RemoteTestNG.main(RemoteTestNG.java:77)
]]>
    </failure>
  </testcase> <!-- excelcontent -->
  <testcase name="varify_rolecreation" time="0.0" classname="com.PageLibrary.com.Randford.TestExecution">
    <skipped/>
  </testcase> <!-- varify_rolecreation -->
  <testcase name="verify_rolesCreation" time="0.0" classname="com.PageLibrary.com.Randford.TestExecution">
    <skipped/>
  </testcase> <!-- verify_rolesCreation -->
  <testcase name="verify_userCreation" time="0.003" classname="com.PageLibrary.com.Randford.TestExecution">
    <failure type="org.testng.TestNGException" message="
The data provider is trying to pass 9 parameters but the method com.PageLibrary.com.Randford.TestExecution#verify_userCreation takes 6">
      <![CDATA[org.testng.TestNGException: 
The data provider is trying to pass 9 parameters but the method com.PageLibrary.com.Randford.TestExecution#verify_userCreation takes 6
	at org.testng.internal.Invoker.injectParameters(Invoker.java:1225)
	at org.testng.internal.Invoker.invokeTestMethods(Invoker.java:1118)
	at org.testng.internal.TestMethodWorker.invokeTestMethods(TestMethodWorker.java:125)
	at org.testng.internal.TestMethodWorker.run(TestMethodWorker.java:108)
	at org.testng.TestRunner.privateRun(TestRunner.java:774)
	at org.testng.TestRunner.run(TestRunner.java:624)
	at org.testng.SuiteRunner.runTest(SuiteRunner.java:359)
	at org.testng.SuiteRunner.runSequentially(SuiteRunner.java:354)
	at org.testng.SuiteRunner.privateRun(SuiteRunner.java:312)
	at org.testng.SuiteRunner.run(SuiteRunner.java:261)
	at org.testng.SuiteRunnerWorker.runSuite(SuiteRunnerWorker.java:52)
	at org.testng.SuiteRunnerWorker.run(SuiteRunnerWorker.java:86)
	at org.testng.TestNG.runSuitesSequentially(TestNG.java:1215)
	at org.testng.TestNG.runSuitesLocally(TestNG.java:1140)
	at org.testng.TestNG.run(TestNG.java:1048)
	at org.testng.remote.AbstractRemoteTestNG.run(AbstractRemoteTestNG.java:114)
	at org.testng.remote.RemoteTestNG.initAndRun(RemoteTestNG.java:251)
	at org.testng.remote.RemoteTestNG.main(RemoteTestNG.java:77)
]]>
    </failure>
  </testcase> <!-- verify_userCreation -->
</testsuite> <!-- Default test -->
